==========================================
SLURM_JOB_ID = 16532792
SLURM_JOB_NODELIST = e23-01
TMPDIR = /tmp/SLURM_16532792
==========================================
LIFETIME_16.6_SEPARATION_300_RSTALL_0.9_LSTALL_0.0_RC_0.0_LC_0.9_stalldist_1_STEPS_200_velocitymultiplier_3_Tad_1000
/home1/rahmanin/start/polychrom/projects/pds5/draft-extrusion/Loop_extrusion_velocity/simulations/sim_for_random.py:148: DeprecationWarning: `np.long` is a deprecated alias for `np.compat.long`. To silence this warning, use `np.compat.long` by itself. In the likely event your code does not need to work on Python 2 you can use the builtin `int` for which `np.compat.long` is itself an alias. Doing this will not modify any behaviour and is safe. When replacing `np.long`, you may wish to use e.g. `np.int64` or `np.int32` to specify the precision. If you wish to review your current use, check the release note link for additional information.
Deprecated in NumPy 1.20; for more details and guidance: https://numpy.org/devdocs/release/1.20.0-notes.html#deprecations
  LEFNum)
/scratch1/rahmanin/tmp.hEBm2R2ACu/LIFETIME_16.6_SEPARATION_300_RSTALL_0.9_LSTALL_0.0_RC_0.0_LC_0.9_stalldist_1_STEPS_200_velocitymultiplier_3_Tad_1000
[16.6, 300, 0.9, 0.0, 0.0, 0.9, 1, 200, 3, 1000] 1
non unity velocity multiplier
/scratch1/rahmanin/tmp.hEBm2R2ACu/LIFETIME_16.6_SEPARATION_300_RSTALL_0.9_LSTALL_0.0_RC_0.0_LC_0.9_stalldist_1_STEPS_200_velocitymultiplier_3_Tad_1000
distance between boundaries is 1
Exclude neighbouring chain particles from polynomial_repulsive
Number of exceptions: 14999
Exclude neighbouring chain particles from polynomial_repulsive
Number of exceptions: 14999
Exclude neighbouring chain particles from polynomial_repulsive
Number of exceptions: 14999
Exclude neighbouring chain particles from polynomial_repulsive
Number of exceptions: 14999
Exclude neighbouring chain particles from polynomial_repulsive
Number of exceptions: 14999
Exclude neighbouring chain particles from polynomial_repulsive
Number of exceptions: 14999
Exclude neighbouring chain particles from polynomial_repulsive
Number of exceptions: 14999
Exclude neighbouring chain particles from polynomial_repulsive
Number of exceptions: 14999
Exclude neighbouring chain particles from polynomial_repulsive
Number of exceptions: 14999
Exclude neighbouring chain particles from polynomial_repulsive
Number of exceptions: 14999
Exclude neighbouring chain particles from polynomial_repulsive
Number of exceptions: 14999
Exclude neighbouring chain particles from polynomial_repulsive
Number of exceptions: 14999
Exclude neighbouring chain particles from polynomial_repulsive
Number of exceptions: 14999
Exclude neighbouring chain particles from polynomial_repulsive
Number of exceptions: 14999
Exclude neighbouring chain particles from polynomial_repulsive
Number of exceptions: 14999
Exclude neighbouring chain particles from polynomial_repulsive
Number of exceptions: 14999
Exclude neighbouring chain particles from polynomial_repulsive
Number of exceptions: 14999
Exclude neighbouring chain particles from polynomial_repulsive
Number of exceptions: 14999
Exclude neighbouring chain particles from polynomial_repulsive
Number of exceptions: 14999
Exclude neighbouring chain particles from polynomial_repulsive
Number of exceptions: 14999
Exclude neighbouring chain particles from polynomial_repulsive
Number of exceptions: 14999
Exclude neighbouring chain particles from polynomial_repulsive
Number of exceptions: 14999
Exclude neighbouring chain particles from polynomial_repulsive
Number of exceptions: 14999
Exclude neighbouring chain particles from polynomial_repulsive
Number of exceptions: 14999
Exclude neighbouring chain particles from polynomial_repulsive
Number of exceptions: 14999
Exclude neighbouring chain particles from polynomial_repulsive
Number of exceptions: 14999
Exclude neighbouring chain particles from polynomial_repulsive
Number of exceptions: 14999
Exclude neighbouring chain particles from polynomial_repulsive
Number of exceptions: 14999
Exclude neighbouring chain particles from polynomial_repulsive
Number of exceptions: 14999
Exclude neighbouring chain particles from polynomial_repulsive
Number of exceptions: 14999
Exclude neighbouring chain particles from polynomial_repulsive
Number of exceptions: 14999
Exclude neighbouring chain particles from polynomial_repulsive
Number of exceptions: 14999
Exclude neighbouring chain particles from polynomial_repulsive
Number of exceptions: 14999
Exclude neighbouring chain particles from polynomial_repulsive
Number of exceptions: 14999
Exclude neighbouring chain particles from polynomial_repulsive
Number of exceptions: 14999
Exclude neighbouring chain particles from polynomial_repulsive
Number of exceptions: 14999
Exclude neighbouring chain particles from polynomial_repulsive
Number of exceptions: 14999
Exclude neighbouring chain particles from polynomial_repulsive
Number of exceptions: 14999
Exclude neighbouring chain particles from polynomial_repulsive
Number of exceptions: 14999
Exclude neighbouring chain particles from polynomial_repulsive
Number of exceptions: 14999
Exclude neighbouring chain particles from polynomial_repulsive
Number of exceptions: 14999
Exclude neighbouring chain particles from polynomial_repulsive
Number of exceptions: 14999
Exclude neighbouring chain particles from polynomial_repulsive
Number of exceptions: 14999
Exclude neighbouring chain particles from polynomial_repulsive
Number of exceptions: 14999
Exclude neighbouring chain particles from polynomial_repulsive
Number of exceptions: 14999
Exclude neighbouring chain particles from polynomial_repulsive
Number of exceptions: 14999
Exclude neighbouring chain particles from polynomial_repulsive
Number of exceptions: 14999
Exclude neighbouring chain particles from polynomial_repulsive
Number of exceptions: 14999
Exclude neighbouring chain particles from polynomial_repulsive
Number of exceptions: 14999
Exclude neighbouring chain particles from polynomial_repulsive
Number of exceptions: 14999
Exclude neighbouring chain particles from polynomial_repulsive
Number of exceptions: 14999
Exclude neighbouring chain particles from polynomial_repulsive
Number of exceptions: 14999
Exclude neighbouring chain particles from polynomial_repulsive
Number of exceptions: 14999
Exclude neighbouring chain particles from polynomial_repulsive
Number of exceptions: 14999
Exclude neighbouring chain particles from polynomial_repulsive
Number of exceptions: 14999
Exclude neighbouring chain particles from polynomial_repulsive
Number of exceptions: 14999
Exclude neighbouring chain particles from polynomial_repulsive
Number of exceptions: 14999
Exclude neighbouring chain particles from polynomial_repulsive
Number of exceptions: 14999
Exclude neighbouring chain particles from polynomial_repulsive
Number of exceptions: 14999
Exclude neighbouring chain particles from polynomial_repulsive
Number of exceptions: 14999
Exclude neighbouring chain particles from polynomial_repulsive
Number of exceptions: 14999
Exclude neighbouring chain particles from polynomial_repulsive
Number of exceptions: 14999
Exclude neighbouring chain particles from polynomial_repulsive
Number of exceptions: 14999
Exclude neighbouring chain particles from polynomial_repulsive
Number of exceptions: 14999
Exclude neighbouring chain particles from polynomial_repulsive
Number of exceptions: 14999
Exclude neighbouring chain particles from polynomial_repulsive
Number of exceptions: 14999
Exclude neighbouring chain particles from polynomial_repulsive
Number of exceptions: 14999
Exclude neighbouring chain particles from polynomial_repulsive
Number of exceptions: 14999
Exclude neighbouring chain particles from polynomial_repulsive
Number of exceptions: 14999
Exclude neighbouring chain particles from polynomial_repulsive
Number of exceptions: 14999
Exclude neighbouring chain particles from polynomial_repulsive
Number of exceptions: 14999
Exclude neighbouring chain particles from polynomial_repulsive
Number of exceptions: 14999
Exclude neighbouring chain particles from polynomial_repulsive
Number of exceptions: 14999
Exclude neighbouring chain particles from polynomial_repulsive
Number of exceptions: 14999
Exclude neighbouring chain particles from polynomial_repulsive
Number of exceptions: 14999
Exclude neighbouring chain particles from polynomial_repulsive
Number of exceptions: 14999
Exclude neighbouring chain particles from polynomial_repulsive
Number of exceptions: 14999
Exclude neighbouring chain particles from polynomial_repulsive
Number of exceptions: 14999
Exclude neighbouring chain particles from polynomial_repulsive
Number of exceptions: 14999
Exclude neighbouring chain particles from polynomial_repulsive
Number of exceptions: 14999
Exclude neighbouring chain particles from polynomial_repulsive
Number of exceptions: 14999
Exclude neighbouring chain particles from polynomial_repulsive
Number of exceptions: 14999
Exclude neighbouring chain particles from polynomial_repulsive
Number of exceptions: 14999
Exclude neighbouring chain particles from polynomial_repulsive
Number of exceptions: 14999
Exclude neighbouring chain particles from polynomial_repulsive
Number of exceptions: 14999
Exclude neighbouring chain particles from polynomial_repulsive
Number of exceptions: 14999
Exclude neighbouring chain particles from polynomial_repulsive
Number of exceptions: 14999
Exclude neighbouring chain particles from polynomial_repulsive
Number of exceptions: 14999
Exclude neighbouring chain particles from polynomial_repulsive
Number of exceptions: 14999
Exclude neighbouring chain particles from polynomial_repulsive
Number of exceptions: 14999
Exclude neighbouring chain particles from polynomial_repulsive
Number of exceptions: 14999
Exclude neighbouring chain particles from polynomial_repulsive
Number of exceptions: 14999
Exclude neighbouring chain particles from polynomial_repulsive
Number of exceptions: 14999
Exclude neighbouring chain particles from polynomial_repulsive
Number of exceptions: 14999
Exclude neighbouring chain particles from polynomial_repulsive
Number of exceptions: 14999
Exclude neighbouring chain particles from polynomial_repulsive
Number of exceptions: 14999
Exclude neighbouring chain particles from polynomial_repulsive
Number of exceptions: 14999
Exclude neighbouring chain particles from polynomial_repulsive
Number of exceptions: 14999
Exclude neighbouring chain particles from polynomial_repulsive
Number of exceptions: 14999
Exclude neighbouring chain particles from polynomial_repulsive
Number of exceptions: 14999
Exclude neighbouring chain particles from polynomial_repulsive
Number of exceptions: 14999
Exclude neighbouring chain particles from polynomial_repulsive
Number of exceptions: 14999
Exclude neighbouring chain particles from polynomial_repulsive
Number of exceptions: 14999
Exclude neighbouring chain particles from polynomial_repulsive
Number of exceptions: 14999
Exclude neighbouring chain particles from polynomial_repulsive
Number of exceptions: 14999
Exclude neighbouring chain particles from polynomial_repulsive
Number of exceptions: 14999
Exclude neighbouring chain particles from polynomial_repulsive
Number of exceptions: 14999
Exclude neighbouring chain particles from polynomial_repulsive
Number of exceptions: 14999
Exclude neighbouring chain particles from polynomial_repulsive
Number of exceptions: 14999
Exclude neighbouring chain particles from polynomial_repulsive
Number of exceptions: 14999
Exclude neighbouring chain particles from polynomial_repulsive
Number of exceptions: 14999
Exclude neighbouring chain particles from polynomial_repulsive
Number of exceptions: 14999
Exclude neighbouring chain particles from polynomial_repulsive
Number of exceptions: 14999
Exclude neighbouring chain particles from polynomial_repulsive
Number of exceptions: 14999
Exclude neighbouring chain particles from polynomial_repulsive
Number of exceptions: 14999
Exclude neighbouring chain particles from polynomial_repulsive
Number of exceptions: 14999
Exclude neighbouring chain particles from polynomial_repulsive
Number of exceptions: 14999
Exclude neighbouring chain particles from polynomial_repulsive
Number of exceptions: 14999
Exclude neighbouring chain particles from polynomial_repulsive
Number of exceptions: 14999
Exclude neighbouring chain particles from polynomial_repulsive
Number of exceptions: 14999
Exclude neighbouring chain particles from polynomial_repulsive
Number of exceptions: 14999
Exclude neighbouring chain particles from polynomial_repulsive
Number of exceptions: 14999
Exclude neighbouring chain particles from polynomial_repulsive
Number of exceptions: 14999
Exclude neighbouring chain particles from polynomial_repulsive
Number of exceptions: 14999
Exclude neighbouring chain particles from polynomial_repulsive
Number of exceptions: 14999
Exclude neighbouring chain particles from polynomial_repulsive
Number of exceptions: 14999
Exclude neighbouring chain particles from polynomial_repulsive
Number of exceptions: 14999
Exclude neighbouring chain particles from polynomial_repulsive
Number of exceptions: 14999
Exclude neighbouring chain particles from polynomial_repulsive
Number of exceptions: 14999
Exclude neighbouring chain particles from polynomial_repulsive
Number of exceptions: 14999
Exclude neighbouring chain particles from polynomial_repulsive
Number of exceptions: 14999
Exclude neighbouring chain particles from polynomial_repulsive
Number of exceptions: 14999
Exclude neighbouring chain particles from polynomial_repulsive
Number of exceptions: 14999
Exclude neighbouring chain particles from polynomial_repulsive
Number of exceptions: 14999
Exclude neighbouring chain particles from polynomial_repulsive
Number of exceptions: 14999
Exclude neighbouring chain particles from polynomial_repulsive
Number of exceptions: 14999
Exclude neighbouring chain particles from polynomial_repulsive
Number of exceptions: 14999
Exclude neighbouring chain particles from polynomial_repulsive
Number of exceptions: 14999
Exclude neighbouring chain particles from polynomial_repulsive
Number of exceptions: 14999
Exclude neighbouring chain particles from polynomial_repulsive
Number of exceptions: 14999
Exclude neighbouring chain particles from polynomial_repulsive
Number of exceptions: 14999
Exclude neighbouring chain particles from polynomial_repulsive
Number of exceptions: 14999
Exclude neighbouring chain particles from polynomial_repulsive
Number of exceptions: 14999
Exclude neighbouring chain particles from polynomial_repulsive
Number of exceptions: 14999
Exclude neighbouring chain particles from polynomial_repulsive
Number of exceptions: 14999
Exclude neighbouring chain particles from polynomial_repulsive
Number of exceptions: 14999
Exclude neighbouring chain particles from polynomial_repulsive
Number of exceptions: 14999
Exclude neighbouring chain particles from polynomial_repulsive
Number of exceptions: 14999
Exclude neighbouring chain particles from polynomial_repulsive
Number of exceptions: 14999
Exclude neighbouring chain particles from polynomial_repulsive
Number of exceptions: 14999
